
--------[17_09_2019 15:39:25]--------
performance test with model as global variable
[15:40:25] Epoch   0: Loss(train): 0.141246
[15:42:47] Epoch   5: Loss(train): 0.069754
[15:43:42] Epoch  10: Loss(val): 0.063152
[15:43:45] Epoch  10: Loss(val): 0.063152

--------[17_09_2019 15:44:55]--------
performance test with model as local variable
[15:46:02] Epoch   0: Loss(train): 0.130723
[15:48:20] Epoch   5: Loss(train): 0.067204
[15:49:14] Epoch  10: Loss(val): 0.062262
[15:49:17] Epoch  10: Loss(val): 0.062262

--------[17_09_2019 16:08:41]--------
performance test with model as global variable

--------[17_09_2019 16:12:33]--------
performance test with model as global variable

--------[17_09_2019 16:15:37]--------
performance test with model as global variable
[16:17:15] Epoch   0: Loss(train): 0.123774
[16:20:45] Epoch   5: Loss(train): 0.069634
[16:21:59] Epoch  10: Loss(val): 0.062199
[16:22:02] Epoch  10: Loss(val): 0.062199

--------[17_09_2019 16:30:18]--------
performance test with model as global variable
[16:31:53] Epoch   0: Loss(train): 0.136450
[16:35:26] Epoch   5: Loss(train): 0.068499
[16:36:39] Epoch  10: Loss(val): 0.064055
[16:36:43] Epoch  10: Loss(val): 0.064055
